<?xml version="1.0" encoding="UTF-8"?>
<!-- Generated by org.testng.reporters.JUnitXMLReporter -->
<testsuite ignored="0" hostname="DESKTOP-1M912JJ" failures="0" tests="4" name="Default test" time="62.632" errors="0" timestamp="2023-02-19T01:06:41 AWST">
  <testcase classname="tests.Testcases" name="test1" time="0.87"/>
  <testcase classname="tests.Testcases" name="test2" time="11.339"/>
  <testcase classname="tests.Testcases" name="test3" time="23.496"/>
  <testcase classname="tests.Testcases" name="test4" time="18.696"/>
</testsuite> <!-- Default test -->
