<?xml version="1.0" encoding="UTF-8"?>
<testng-results ignored="0" total="4" passed="4" failed="0" skipped="0">
  <reporter-output>
  </reporter-output>
  <suite started-at="2023-02-19T01:05:38 AWST" name="Default suite" finished-at="2023-02-19T01:06:41 AWST" duration-ms="62632">
    <groups>
    </groups>
    <test started-at="2023-02-19T01:05:38 AWST" name="Default test" finished-at="2023-02-19T01:06:41 AWST" duration-ms="62632">
      <class name="tests.Testcases">
        <test-method is-config="true" signature="setUp()[pri:0, instance:tests.Testcases@14dd9eb7]" started-at="2023-02-19T01:05:38 AWST" name="setUp" finished-at="2023-02-19T01:05:47 AWST" duration-ms="8096" status="PASS">
          <reporter-output>
          </reporter-output>
        </test-method> <!-- setUp -->
        <test-method signature="test1()[pri:0, instance:tests.Testcases@14dd9eb7]" started-at="2023-02-19T01:05:47 AWST" name="test1" finished-at="2023-02-19T01:05:47 AWST" duration-ms="870" status="PASS">
          <reporter-output>
          </reporter-output>
        </test-method> <!-- test1 -->
        <test-method signature="test2()[pri:0, instance:tests.Testcases@14dd9eb7]" started-at="2023-02-19T01:05:47 AWST" name="test2" finished-at="2023-02-19T01:05:59 AWST" duration-ms="11339" status="PASS">
          <reporter-output>
          </reporter-output>
        </test-method> <!-- test2 -->
        <test-method signature="test3()[pri:0, instance:tests.Testcases@14dd9eb7]" started-at="2023-02-19T01:05:59 AWST" name="test3" finished-at="2023-02-19T01:06:22 AWST" duration-ms="23496" status="PASS">
          <reporter-output>
          </reporter-output>
        </test-method> <!-- test3 -->
        <test-method signature="test4()[pri:0, instance:tests.Testcases@14dd9eb7]" started-at="2023-02-19T01:06:22 AWST" name="test4" finished-at="2023-02-19T01:06:41 AWST" duration-ms="18696" status="PASS">
          <reporter-output>
          </reporter-output>
        </test-method> <!-- test4 -->
        <test-method is-config="true" signature="tearDown()[pri:0, instance:tests.Testcases@14dd9eb7]" started-at="2023-02-19T01:06:41 AWST" name="tearDown" finished-at="2023-02-19T01:06:41 AWST" duration-ms="97" status="PASS">
          <reporter-output>
          </reporter-output>
        </test-method> <!-- tearDown -->
      </class> <!-- tests.Testcases -->
    </test> <!-- Default test -->
  </suite> <!-- Default suite -->
</testng-results>
